<?xml version="1.0" encoding="UTF-8"?>
<FileDump>
    <Version>IBXML 1.3</Version>
    <Conversation Perspective="UserView" RoomType="C">
        <RoomID>CHAT-123456</RoomID>
        <StartTime>08/27/2023 10:00:00</StartTime>
        <StartTimeUTC>1693132800</StartTimeUTC>
        
        <ParticipantEntered InteractionType="N">
            <User>
                <LoginName>JohnDoe</LoginName>
                <FirstName>John</FirstName>
                <LastName>Doe</LastName>
                <UUID>1001</UUID>
                <FirmNumber>5555</FirmNumber>
                <AccountNumber>987654321</AccountNumber>
                <CompanyName>Example Corp</CompanyName>
                <EmailAddress>john.doe@example.com</EmailAddress>
                <CorporateEmailAddress>johnd@corporate.com</CorporateEmailAddress>
            </User>
            <DateTime>08/27/2023 10:05:00</DateTime>
            <DateTimeUTC>1693133100</DateTimeUTC>
            <ConversationID>CHAT-123456</ConversationID>
        </ParticipantEntered>

        <Message InteractionType="N">
            <User>
                <LoginName>JohnDoe</LoginName>
                <FirstName>John</FirstName>
                <LastName>Doe</LastName>
                <UUID>1001</UUID>
                <FirmNumber>5555</FirmNumber>
                <AccountNumber>987654321</AccountNumber>
                <CompanyName>Example Corp</CompanyName>
                <EmailAddress>john.doe@example.com</EmailAddress>
                <CorporateEmailAddress>johnd@corporate.com</CorporateEmailAddress>
            </User>
            <DateTime>08/27/2023 10:07:30</DateTime>
            <DateTimeUTC>1693133250</DateTimeUTC>
            <Content>Hello, this is a test message.</Content>
            <ConversationID>CHAT-123456</ConversationID>
        </Message>

        <Attachment InteractionType="H">
            <User>
                <LoginName>JaneSmith</LoginName>
                <FirstName>Jane</FirstName>
                <LastName>Smith</LastName>
                <UUID>1002</UUID>
                <FirmNumber>5555</FirmNumber>
                <AccountNumber>123456789</AccountNumber>
                <CompanyName>Example Corp</CompanyName>
                <EmailAddress>jane.smith@example.com</EmailAddress>
                <CorporateEmailAddress>janes@corporate.com</CorporateEmailAddress>
            </User>
            <DateTime>08/27/2023 10:08:15</DateTime>
            <DateTimeUTC>1693133295</DateTimeUTC>
            <ConversationID>CHAT-123456</ConversationID>
            <FileName>test-document.pdf</FileName>
            <FileID>ABC123XYZ</FileID>
            <FileSize>102400</FileSize>
        </Attachment>

        <ParticipantLeft InteractionType="N">
            <User>
                <LoginName>JohnDoe</LoginName>
                <FirstName>John</FirstName>
                <LastName>Doe</LastName>
                <UUID>1001</UUID>
                <FirmNumber>5555</FirmNumber>
                <AccountNumber>987654321</AccountNumber>
                <CompanyName>Example Corp</CompanyName>
                <EmailAddress>john.doe@example.com</EmailAddress>
                <CorporateEmailAddress>johnd@corporate.com</CorporateEmailAddress>
            </User>
            <DateTime>08/27/2023 10:10:30</DateTime>
            <DateTimeUTC>1693133430</DateTimeUTC>
            <ConversationID>CHAT-123456</ConversationID>
        </ParticipantLeft>

        <EndTime>08/27/2023 10:15:00</EndTime>
        <EndTimeUTC>1693133700</EndTimeUTC>
    </Conversation>
</FileDump>
